writeiops: (g=0): rw=randwrite, bs=4K-4K/4K-4K, ioengine=libaio, iodepth=32
...
writeiops: (g=0): rw=randwrite, bs=4K-4K/4K-4K, ioengine=libaio, iodepth=32
fio 1.59
Starting 4 processes

writeiops: (groupid=0, jobs=4): err= 0: pid=5941
  write: io=107762MB, bw=367820KB/s, iops=91954 , runt=300006msec
    slat (usec): min=37 , max=3976 , avg=162.04, stdev=102.75
    clat (usec): min=1 , max=1551.7K, avg=1216.65, stdev=4463.63
     lat (usec): min=76 , max=1551.8K, avg=1378.40, stdev=4462.48
    bw (KB/s) : min=    0, max=126728, per=1.87%, avg=6893.49, stdev=24499.52
  cpu          : usr=2.56%, sys=26.08%, ctx=11304304, majf=0, minf=91
  IO depths    : 1=0.0%, 2=0.0%, 4=0.0%, 8=0.0%, 16=0.1%, 32=101.7%, >=64=0.0%
     submit    : 0=0.0%, 4=0.0%, 8=0.0%, 16=100.0%, 32=0.0%, 64=0.0%, >=64=0.0%
     complete  : 0=0.0%, 4=0.0%, 8=0.0%, 16=100.0%, 32=0.0%, 64=0.0%, >=64=0.0%
     issued r/w/d: total=0/27586960/0, short=0/0/0
     lat (usec): 2=0.02%, 4=2.36%, 10=1.17%, 20=0.70%, 50=1.61%
     lat (usec): 100=4.44%, 250=16.97%, 500=23.05%, 750=12.69%, 1000=7.66%
     lat (msec): 2=14.20%, 4=9.97%, 10=4.19%, 20=0.54%, 50=0.39%
     lat (msec): 100=0.06%, 250=0.01%, 2000=0.01%

Run status group 0 (all jobs):
  WRITE: io=107762MB, aggrb=367820KB/s, minb=376648KB/s, maxb=376648KB/s, mint=300006msec, maxt=300006msec

Disk stats (read/write):
  md2: ios=49/28042976, merge=0/0, ticks=0/0, in_queue=0, util=0.00%, aggrios=20/4674421, aggrmerge=0/2, aggrticks=2/4149958, aggrin_queue=4147724, aggrutil=97.39%
    sdd: ios=0/4665348, merge=0/2, ticks=0/656284, in_queue=653328, util=59.52%
    sdf: ios=0/4666787, merge=0/14, ticks=0/772140, in_queue=769068, util=66.23%
    sdc: ios=9/4681914, merge=0/0, ticks=0/6372380, in_queue=6371124, util=96.76%
    sdb: ios=66/4682781, merge=0/1, ticks=12/7644188, in_queue=7642312, util=97.39%
    sde: ios=1/4667292, merge=0/0, ticks=0/708556, in_queue=705444, util=62.81%
    sda: ios=48/4682404, merge=0/0, ticks=0/8746200, in_queue=8745072, util=97.23%
