readiops: (g=0): rw=randread, bs=4K-4K/4K-4K, ioengine=libaio, iodepth=32
...
readiops: (g=0): rw=randread, bs=4K-4K/4K-4K, ioengine=libaio, iodepth=32
fio 1.59
Starting 4 processes

readiops: (groupid=0, jobs=4): err= 0: pid=4804
  read : io=154722MB, bw=528116KB/s, iops=132028 , runt=300001msec
    slat (usec): min=33 , max=2949 , avg=177.86, stdev=129.63
    clat (usec): min=1 , max=1561.1K, avg=778.82, stdev=2947.61
     lat (usec): min=108 , max=1561.8K, avg=956.84, stdev=2949.21
    bw (KB/s) : min=    0, max=145288, per=1.95%, avg=10312.89, stdev=35591.61
  cpu          : usr=2.84%, sys=43.74%, ctx=15549836, majf=0, minf=227
  IO depths    : 1=0.0%, 2=0.0%, 4=0.0%, 8=0.0%, 16=0.1%, 32=101.7%, >=64=0.0%
     submit    : 0=0.0%, 4=0.0%, 8=0.0%, 16=100.0%, 32=0.0%, 64=0.0%, >=64=0.0%
     complete  : 0=0.0%, 4=0.0%, 8=0.0%, 16=100.0%, 32=0.0%, 64=0.0%, >=64=0.0%
     issued r/w/d: total=39608736/0/0, short=0/0/0
     lat (usec): 2=0.01%, 4=0.16%, 10=0.14%, 20=0.04%, 50=0.08%
     lat (usec): 100=0.19%, 250=6.18%, 500=25.20%, 750=30.19%, 1000=16.72%
     lat (msec): 2=17.86%, 4=2.84%, 10=0.39%, 20=0.01%, 50=0.01%
     lat (msec): 500=0.01%, 2000=0.01%

Run status group 0 (all jobs):
   READ: io=154722MB, aggrb=528116KB/s, minb=540791KB/s, maxb=540791KB/s, mint=300001msec, maxt=300001msec

Disk stats (read/write):
  md2: ios=40257040/0, merge=0/0, ticks=0/0, in_queue=0, util=0.00%, aggrios=6711591/3, aggrmerge=0/1, aggrticks=4243604/785, aggrin_queue=4240100, aggrutil=99.79%
    sdd: ios=6699793/5, merge=1/0, ticks=3668816/1588, in_queue=3665288, util=99.66%
    sdf: ios=6699902/14, merge=0/8, ticks=3903364/1576, in_queue=3901124, util=99.79%
    sdc: ios=6720349/0, merge=0/0, ticks=4897192/0, in_queue=4893456, util=99.46%
    sdb: ios=6724853/0, merge=0/0, ticks=4669988/0, in_queue=4666164, util=99.56%
    sde: ios=6700380/4, merge=0/0, ticks=3818904/1548, in_queue=3816064, util=99.72%
    sda: ios=6724269/0, merge=0/0, ticks=4503360/0, in_queue=4498504, util=99.36%
