readbw: (g=0): rw=randread, bs=1M-1M/1M-1M, ioengine=libaio, iodepth=32
...
readbw: (g=0): rw=randread, bs=1M-1M/1M-1M, ioengine=libaio, iodepth=32
fio 1.59
Starting 4 processes

readbw: (groupid=0, jobs=4): err= 0: pid=5991
  read : io=374796MB, bw=1249.2MB/s, iops=1248 , runt=300074msec
    slat (usec): min=715 , max=9025 , avg=1333.18, stdev=180.26
    clat (msec): min=4 , max=588 , avg=101.15, stdev=80.81
     lat (msec): min=5 , max=589 , avg=102.48, stdev=80.82
    bw (KB/s) : min=    0, max=514000, per=1.43%, avg=18308.44, stdev=72060.38
  cpu          : usr=0.06%, sys=3.00%, ctx=361471, majf=0, minf=32867
  IO depths    : 1=0.0%, 2=0.0%, 4=0.0%, 8=0.0%, 16=0.1%, 32=101.7%, >=64=0.0%
     submit    : 0=0.0%, 4=0.0%, 8=0.0%, 16=100.0%, 32=0.0%, 64=0.0%, >=64=0.0%
     complete  : 0=0.0%, 4=0.0%, 8=0.0%, 16=100.0%, 32=0.0%, 64=0.0%, >=64=0.0%
     issued r/w/d: total=374672/0/0, short=0/0/0

     lat (msec): 10=0.85%, 20=8.61%, 50=31.05%, 100=17.64%, 250=35.02%
     lat (msec): 500=6.86%, 750=0.01%

Run status group 0 (all jobs):
   READ: io=374796MB, aggrb=1249.2MB/s, minb=1278.2MB/s, maxb=1278.2MB/s, mint=300074msec, maxt=300074msec

Disk stats (read/write):
  md2: ios=1523328/0, merge=0/0, ticks=0/0, in_queue=0, util=0.00%, aggrios=253883/4, aggrmerge=120/1, aggrticks=7728784/388, aggrin_queue=7728436, aggrutil=100.00%
    sdd: ios=253334/14, merge=0/10, ticks=5660252/532, in_queue=5660516, util=98.83%
    sdf: ios=253608/8, merge=2/1, ticks=8433000/1184, in_queue=8433884, util=99.07%
    sdc: ios=254038/0, merge=240/0, ticks=20494424/0, in_queue=20493300, util=100.00%
    sdb: ios=254355/0, merge=236/0, ticks=2292396/0, in_queue=2292036, util=82.88%
    sde: ios=253609/6, merge=1/0, ticks=8343732/612, in_queue=8343060, util=99.05%
    sda: ios=254357/0, merge=241/0, ticks=1148904/0, in_queue=1147824, util=53.09%
