readbw: (g=0): rw=randread, bs=1M-1M/1M-1M, ioengine=libaio, iodepth=32
...
readbw: (g=0): rw=randread, bs=1M-1M/1M-1M, ioengine=libaio, iodepth=32
fio 1.59
Starting 4 processes

readbw: (groupid=0, jobs=4): err= 0: pid=4869
  read : io=375372MB, bw=1250.5MB/s, iops=1250 , runt=300189msec
    slat (usec): min=687 , max=7136 , avg=1330.50, stdev=173.54
    clat (msec): min=4 , max=636 , avg=101.03, stdev=79.90
     lat (msec): min=6 , max=637 , avg=102.35, stdev=79.91
    bw (KB/s) : min=    0, max=620914, per=1.43%, avg=18354.17, stdev=73346.96
  cpu          : usr=0.06%, sys=3.00%, ctx=363488, majf=0, minf=32867
  IO depths    : 1=0.0%, 2=0.0%, 4=0.0%, 8=0.0%, 16=0.1%, 32=101.7%, >=64=0.0%
     submit    : 0=0.0%, 4=0.0%, 8=0.0%, 16=100.0%, 32=0.0%, 64=0.0%, >=64=0.0%
     complete  : 0=0.0%, 4=0.0%, 8=0.0%, 16=100.0%, 32=0.0%, 64=0.0%, >=64=0.0%
     issued r/w/d: total=375248/0/0, short=0/0/0

     lat (msec): 10=0.63%, 20=6.87%, 50=31.89%, 100=19.16%, 250=35.80%
     lat (msec): 500=5.67%, 750=0.01%

Run status group 0 (all jobs):
   READ: io=375372MB, aggrb=1250.5MB/s, minb=1280.5MB/s, maxb=1280.5MB/s, mint=300189msec, maxt=300189msec

Disk stats (read/write):
  md2: ios=1526272/0, merge=0/0, ticks=0/0, in_queue=0, util=0.00%, aggrios=254278/11, aggrmerge=117/7, aggrticks=7739460/737, aggrin_queue=7739534, aggrutil=100.00%
    sdd: ios=253858/23, merge=0/10, ticks=5661096/1076, in_queue=5661972, util=99.03%
    sdf: ios=253825/26, merge=1/3, ticks=7370236/1988, in_queue=7371928, util=99.02%
    sdc: ios=254507/0, merge=231/0, ticks=20534884/0, in_queue=20533688, util=100.00%
    sdb: ios=254832/0, merge=236/0, ticks=2310948/0, in_queue=2310600, util=82.94%
    sde: ios=253815/20, merge=0/31, ticks=9394120/1360, in_queue=9394584, util=99.18%
    sda: ios=254834/0, merge=239/0, ticks=1165476/0, in_queue=1164432, util=53.09%
