writeiops: (g=0): rw=randwrite, bs=4K-4K/4K-4K, ioengine=libaio, iodepth=32
...
writeiops: (g=0): rw=randwrite, bs=4K-4K/4K-4K, ioengine=libaio, iodepth=32
fio 1.59
Starting 4 processes

writeiops: (groupid=0, jobs=4): err= 0: pid=4835
  write: io=111906MB, bw=381969KB/s, iops=95491 , runt=300003msec
    slat (usec): min=49 , max=6079 , avg=160.88, stdev=108.76
    clat (usec): min=1 , max=228683 , avg=1168.31, stdev=2773.97
     lat (usec): min=89 , max=228766 , avg=1328.12, stdev=2773.11
    bw (KB/s) : min=    0, max=128776, per=1.95%, avg=7436.10, stdev=25759.43
  cpu          : usr=2.45%, sys=27.40%, ctx=12632701, majf=0, minf=91
  IO depths    : 1=0.0%, 2=0.0%, 4=0.0%, 8=0.0%, 16=0.1%, 32=101.7%, >=64=0.0%
     submit    : 0=0.0%, 4=0.0%, 8=0.0%, 16=100.0%, 32=0.0%, 64=0.0%, >=64=0.0%
     complete  : 0=0.0%, 4=0.0%, 8=0.0%, 16=100.0%, 32=0.0%, 64=0.0%, >=64=0.0%
     issued r/w/d: total=0/28647824/0, short=0/0/0
     lat (usec): 2=0.02%, 4=2.25%, 10=0.49%, 20=0.57%, 50=1.58%
     lat (usec): 100=4.68%, 250=17.37%, 500=23.33%, 750=13.01%, 1000=7.78%
     lat (msec): 2=14.41%, 4=9.90%, 10=3.65%, 20=0.51%, 50=0.41%
     lat (msec): 100=0.04%, 250=0.01%

Run status group 0 (all jobs):
  WRITE: io=111906MB, aggrb=381968KB/s, minb=391136KB/s, maxb=391136KB/s, mint=300003msec, maxt=300003msec

Disk stats (read/write):
  md2: ios=117/29108896, merge=0/0, ticks=0/0, in_queue=0, util=0.00%, aggrios=33/4853439, aggrmerge=0/2, aggrticks=24/4148521, aggrin_queue=4146520, aggrutil=97.92%
    sdd: ios=0/4844281, merge=0/10, ticks=0/653452, in_queue=650480, util=62.50%
    sdf: ios=0/4845328, merge=0/1, ticks=0/766824, in_queue=763724, util=68.11%
    sdc: ios=17/4861188, merge=0/0, ticks=32/6926068, in_queue=6924356, util=97.50%
    sdb: ios=99/4862423, merge=0/1, ticks=24/7425004, in_queue=7423624, util=97.92%
    sde: ios=2/4846170, merge=0/0, ticks=0/706216, in_queue=703224, util=65.31%
    sda: ios=85/4861249, merge=0/0, ticks=92/8413564, in_queue=8413712, util=97.63%
