writebw: (g=0): rw=randwrite, bs=1M-1M/1M-1M, ioengine=libaio, iodepth=32
...
writebw: (g=0): rw=randwrite, bs=1M-1M/1M-1M, ioengine=libaio, iodepth=32
fio 1.59
Starting 4 processes

writebw: (groupid=0, jobs=4): err= 0: pid=5965
  write: io=347093MB, bw=1156.5MB/s, iops=1156 , runt=300138msec
    slat (usec): min=758 , max=7989 , avg=3323.82, stdev=1369.68
    clat (msec): min=2 , max=1854 , avg=105.29, stdev=65.33
     lat (msec): min=7 , max=1857 , avg=108.62, stdev=65.33
    bw (KB/s) : min=    0, max=457142, per=1.43%, avg=16920.97, stdev=66565.57
  cpu          : usr=8.25%, sys=1.98%, ctx=317612, majf=0, minf=91
  IO depths    : 1=0.0%, 2=0.0%, 4=0.0%, 8=0.0%, 16=0.1%, 32=101.7%, >=64=0.0%
     submit    : 0=0.0%, 4=0.0%, 8=0.0%, 16=100.0%, 32=0.0%, 64=0.0%, >=64=0.0%
     complete  : 0=0.0%, 4=0.0%, 8=0.0%, 16=100.0%, 32=0.1%, 64=0.0%, >=64=0.0%
     issued r/w/d: total=0/346969/0, short=0/0/0

     lat (msec): 4=0.01%, 10=0.33%, 20=1.50%, 50=12.29%, 100=35.68%
     lat (msec): 250=49.23%, 500=0.93%, 750=0.01%, 2000=0.07%

Run status group 0 (all jobs):
  WRITE: io=347093MB, aggrb=1156.5MB/s, minb=1184.3MB/s, maxb=1184.3MB/s, mint=300138msec, maxt=300138msec

Disk stats (read/write):
  md2: ios=90/1411428, merge=0/0, ticks=0/0, in_queue=0, util=0.00%, aggrios=33/235182, aggrmerge=0/111, aggrticks=243/9012990, aggrin_queue=9012680, aggrutil=99.92%
    sdd: ios=0/234666, merge=0/10, ticks=0/11058164, in_queue=11057976, util=99.47%
    sdf: ios=0/234949, merge=0/1, ticks=0/15477288, in_queue=15477104, util=99.92%
    sdc: ios=24/235316, merge=0/218, ticks=844/10386380, in_queue=10386268, util=98.45%
    sdb: ios=66/235608, merge=0/216, ticks=256/3408352, in_queue=3408372, util=85.67%
    sde: ios=3/234947, merge=0/1, ticks=108/11330880, in_queue=11330084, util=99.77%
    sda: ios=108/235609, merge=0/223, ticks=252/2416876, in_queue=2416276, util=74.23%
