readbw: (g=0): rw=randread, bs=1M-1M/1M-1M, ioengine=libaio, iodepth=32
...
readbw: (g=0): rw=randread, bs=1M-1M/1M-1M, ioengine=libaio, iodepth=32
fio 1.59
Starting 4 processes

readbw: (groupid=0, jobs=4): err= 0: pid=4811
  read : io=366732MB, bw=1222.2MB/s, iops=1221 , runt=300062msec
    slat (usec): min=979 , max=12725 , avg=1416.91, stdev=246.23
    clat (msec): min=6 , max=739 , avg=103.32, stdev=80.97
     lat (msec): min=7 , max=740 , avg=104.73, stdev=80.96
    bw (KB/s) : min=    0, max=485795, per=1.43%, avg=17912.81, stdev=70634.48
  cpu          : usr=0.06%, sys=3.16%, ctx=354264, majf=0, minf=32867
  IO depths    : 1=0.0%, 2=0.0%, 4=0.0%, 8=0.0%, 16=0.1%, 32=101.6%, >=64=0.0%
     submit    : 0=0.0%, 4=0.0%, 8=0.0%, 16=100.0%, 32=0.0%, 64=0.0%, >=64=0.0%
     complete  : 0=0.0%, 4=0.0%, 8=0.0%, 16=100.0%, 32=0.0%, 64=0.0%, >=64=0.0%
     issued r/w/d: total=366608/0/0, short=0/0/0

     lat (msec): 10=0.71%, 20=7.84%, 50=31.29%, 100=16.60%, 250=37.15%
     lat (msec): 500=6.40%, 750=0.04%

Run status group 0 (all jobs):
   READ: io=366732MB, aggrb=1222.2MB/s, minb=1251.6MB/s, maxb=1251.6MB/s, mint=300062msec, maxt=300062msec

Disk stats (read/write):
  md2: ios=1488704/0, merge=0/0, ticks=0/0, in_queue=0, util=0.00%, aggrios=248137/11, aggrmerge=117/5, aggrticks=7674493/977, aggrin_queue=7674688, aggrutil=99.75%
    sdd: ios=247577/20, merge=1/3, ticks=5552064/1040, in_queue=5552748, util=98.61%
    sdf: ios=247831/36, merge=1/27, ticks=9542660/4208, in_queue=9546644, util=98.90%
    sdc: ios=248271/0, merge=232/0, ticks=20104432/0, in_queue=20103084, util=99.75%
    sdb: ios=248655/0, merge=230/0, ticks=2079764/0, in_queue=2079488, util=74.78%
    sde: ios=247833/12, merge=1/1, ticks=7609940/616, in_queue=7609404, util=98.74%
    sda: ios=248657/0, merge=238/0, ticks=1158100/0, in_queue=1156760, util=53.61%
