writebw: (g=0): rw=randwrite, bs=1M-1M/1M-1M, ioengine=libaio, iodepth=32
...
writebw: (g=0): rw=randwrite, bs=1M-1M/1M-1M, ioengine=libaio, iodepth=32
fio 1.59
Starting 4 processes

writebw: (groupid=0, jobs=4): err= 0: pid=4790
  write: io=316182MB, bw=1053.6MB/s, iops=1053 , runt=300120msec
    slat (usec): min=937 , max=8402 , avg=3385.10, stdev=1381.84
    clat (msec): min=3 , max=1835 , avg=116.08, stdev=72.04
     lat (msec): min=8 , max=1840 , avg=119.46, stdev=72.05
    bw (KB/s) : min=    0, max=405333, per=1.42%, avg=15266.60, stdev=60276.82
  cpu          : usr=7.50%, sys=1.91%, ctx=290676, majf=0, minf=91
  IO depths    : 1=0.0%, 2=0.0%, 4=0.0%, 8=0.0%, 16=0.1%, 32=101.7%, >=64=0.0%
     submit    : 0=0.0%, 4=0.0%, 8=0.0%, 16=100.0%, 32=0.0%, 64=0.0%, >=64=0.0%
     complete  : 0=0.0%, 4=0.0%, 8=0.0%, 16=100.0%, 32=0.1%, 64=0.0%, >=64=0.0%
     issued r/w/d: total=0/316058/0, short=0/0/0

     lat (msec): 4=0.01%, 10=0.11%, 20=1.33%, 50=10.96%, 100=31.68%
     lat (msec): 250=53.79%, 500=2.08%, 750=0.01%, 1000=0.01%, 2000=0.08%

Run status group 0 (all jobs):
  WRITE: io=316182MB, aggrb=1053.6MB/s, minb=1078.9MB/s, maxb=1078.9MB/s, mint=300120msec, maxt=300120msec

Disk stats (read/write):
  md2: ios=100/1285952, merge=0/0, ticks=0/0, in_queue=0, util=0.00%, aggrios=30/214288, aggrmerge=0/99, aggrticks=220/8570810, aggrin_queue=8570492, aggrutil=100.00%
    sdd: ios=0/213659, merge=0/3, ticks=0/11478236, in_queue=11478024, util=99.60%
    sdf: ios=0/214155, merge=0/9, ticks=0/16403028, in_queue=16402788, util=100.00%
    sdc: ios=17/214237, merge=0/190, ticks=1132/10115960, in_queue=10116344, util=98.50%
    sdb: ios=77/214765, merge=0/192, ticks=16/1234952, in_queue=1234788, util=50.10%
    sde: ios=2/214150, merge=0/1, ticks=48/10974092, in_queue=10973296, util=99.86%
    sda: ios=87/214765, merge=0/201, ticks=128/1218592, in_queue=1217716, util=49.70%
