writebw: (g=0): rw=randwrite, bs=1M-1M/1M-1M, ioengine=libaio, iodepth=32
...
writebw: (g=0): rw=randwrite, bs=1M-1M/1M-1M, ioengine=libaio, iodepth=32
fio 1.59
Starting 4 processes

writebw: (groupid=0, jobs=4): err= 0: pid=5433
  write: io=343849MB, bw=1145.7MB/s, iops=1145 , runt=300130msec
    slat (usec): min=771 , max=8187 , avg=3613.02, stdev=1552.00
    clat (msec): min=3 , max=1833 , avg=105.85, stdev=78.11
     lat (msec): min=8 , max=1838 , avg=109.47, stdev=78.11
    bw (KB/s) : min=    0, max=492582, per=1.44%, avg=16868.81, stdev=66659.68
  cpu          : usr=8.93%, sys=2.08%, ctx=311137, majf=0, minf=91
  IO depths    : 1=0.0%, 2=0.0%, 4=0.0%, 8=0.0%, 16=0.1%, 32=101.7%, >=64=0.0%
     submit    : 0=0.0%, 4=0.0%, 8=0.0%, 16=100.0%, 32=0.0%, 64=0.0%, >=64=0.0%
     complete  : 0=0.0%, 4=0.0%, 8=0.0%, 16=100.0%, 32=0.1%, 64=0.0%, >=64=0.0%
     issued r/w/d: total=0/343725/0, short=0/0/0

     lat (msec): 4=0.01%, 10=0.35%, 20=1.17%, 50=12.49%, 100=37.04%
     lat (msec): 250=47.75%, 500=1.07%, 750=0.01%, 2000=0.15%

Run status group 0 (all jobs):
  WRITE: io=343849MB, aggrb=1145.7MB/s, minb=1173.2MB/s, maxb=1173.2MB/s, mint=300130msec, maxt=300130msec

Disk stats (read/write):
  md2: ios=121/1398080, merge=0/0, ticks=0/0, in_queue=0, util=0.00%, aggrios=42/232975, aggrmerge=0/113, aggrticks=670/9050667, aggrin_queue=9050814, aggrutil=99.96%
    sdd: ios=15/232484, merge=1/5, ticks=1460/11414376, in_queue=11415608, util=99.58%
    sdf: ios=13/232714, merge=0/31, ticks=644/15454520, in_queue=15455448, util=99.96%
    sdc: ios=17/233120, merge=0/209, ticks=1180/10486120, in_queue=10486356, util=97.51%
    sdb: ios=99/233415, merge=0/214, ticks=20/3277172, in_queue=3276960, util=84.10%
    sde: ios=19/232701, merge=0/1, ticks=548/11337664, in_queue=11337268, util=99.82%
    sda: ios=89/233416, merge=0/223, ticks=172/2334152, in_queue=2333248, util=72.15%
