readiops: (g=0): rw=randread, bs=4K-4K/4K-4K, ioengine=libaio, iodepth=32
...
readiops: (g=0): rw=randread, bs=4K-4K/4K-4K, ioengine=libaio, iodepth=32
fio 1.59
Starting 4 processes

readiops: (groupid=0, jobs=4): err= 0: pid=7538
  read : io=155851MB, bw=531971KB/s, iops=132992 , runt=300001msec
    slat (usec): min=35 , max=28503 , avg=122.91, stdev=349.61
    clat (usec): min=1 , max=1549.9K, avg=830.75, stdev=2777.71
     lat (usec): min=143 , max=1549.1K, avg=953.89, stdev=2826.76
    bw (KB/s) : min=    0, max=215944, per=1.74%, avg=9238.87, stdev=34322.31
  cpu          : usr=2.66%, sys=30.91%, ctx=25019391, majf=0, minf=227
  IO depths    : 1=0.0%, 2=0.0%, 4=0.0%, 8=0.0%, 16=0.1%, 32=101.8%, >=64=0.0%
     submit    : 0=0.0%, 4=0.0%, 8=0.0%, 16=100.0%, 32=0.0%, 64=0.0%, >=64=0.0%
     complete  : 0=0.0%, 4=0.0%, 8=0.0%, 16=100.0%, 32=0.0%, 64=0.0%, >=64=0.0%
     issued r/w/d: total=39897808/0/0, short=0/0/0
     lat (usec): 2=0.01%, 4=0.01%, 10=0.01%, 20=0.01%, 50=0.01%
     lat (usec): 100=0.01%, 250=0.08%, 500=4.67%, 750=29.09%, 1000=55.30%
     lat (msec): 2=10.41%, 4=0.20%, 10=0.20%, 20=0.04%, 50=0.01%
     lat (msec): 2000=0.01%

Run status group 0 (all jobs):
   READ: io=155851MB, aggrb=531970KB/s, minb=544737KB/s, maxb=544737KB/s, mint=300001msec, maxt=300001msec

Disk stats (read/write):
  md2: ios=40573776/0, merge=0/0, ticks=0/0, in_queue=0, util=0.00%, aggrios=6767325/3, aggrmerge=0/1, aggrticks=4969659/772, aggrin_queue=4970963, aggrutil=100.00%
    sdd: ios=6754875/9, merge=1/3, ticks=4591408/1560, in_queue=4593728, util=100.00%
    sdf: ios=6755286/8, merge=0/4, ticks=4760368/1544, in_queue=4763576, util=100.00%
    sdc: ios=6776373/0, merge=0/0, ticks=5326104/0, in_queue=5326460, util=99.59%
    sdb: ios=6780891/0, merge=0/0, ticks=5236292/0, in_queue=5236404, util=99.60%
    sde: ios=6756136/3, merge=0/0, ticks=4694548/1532, in_queue=4696588, util=100.00%
    sda: ios=6780389/0, merge=0/0, ticks=5209236/0, in_queue=5209024, util=99.58%
