readiops: (g=0): rw=randread, bs=4K-4K/4K-4K, ioengine=libaio, iodepth=32
...
readiops: (g=0): rw=randread, bs=4K-4K/4K-4K, ioengine=libaio, iodepth=32
fio 1.59
Starting 4 processes

readiops: (groupid=0, jobs=4): err= 0: pid=6941
  read : io=165641MB, bw=565387KB/s, iops=141346 , runt=300001msec
    slat (usec): min=34 , max=34643 , avg=119.90, stdev=372.85
    clat (usec): min=1 , max=1563.5K, avg=776.68, stdev=2710.16
     lat (usec): min=122 , max=1564.3K, avg=896.60, stdev=2766.82
    bw (KB/s) : min=    0, max=214408, per=1.76%, avg=9942.72, stdev=36686.13
  cpu          : usr=2.83%, sys=31.33%, ctx=26840943, majf=0, minf=231
  IO depths    : 1=0.0%, 2=0.0%, 4=0.0%, 8=0.0%, 16=0.1%, 32=101.6%, >=64=0.0%
     submit    : 0=0.0%, 4=0.0%, 8=0.0%, 16=100.0%, 32=0.0%, 64=0.0%, >=64=0.0%
     complete  : 0=0.0%, 4=0.0%, 8=0.0%, 16=100.0%, 32=0.0%, 64=0.0%, >=64=0.0%
     issued r/w/d: total=42404064/0/0, short=0/0/0
     lat (usec): 2=0.01%, 4=0.01%, 10=0.01%, 20=0.01%, 50=0.01%
     lat (usec): 100=0.01%, 250=0.14%, 500=7.55%, 750=39.20%, 1000=48.11%
     lat (msec): 2=4.41%, 4=0.30%, 10=0.24%, 20=0.04%, 50=0.01%
     lat (msec): 2000=0.01%

Run status group 0 (all jobs):
   READ: io=165641MB, aggrb=565387KB/s, minb=578956KB/s, maxb=578956KB/s, mint=300001msec, maxt=300001msec

Disk stats (read/write):
  md2: ios=43070160/0, merge=0/0, ticks=0/0, in_queue=0, util=0.00%, aggrios=7183266/3, aggrmerge=0/1, aggrticks=4877464/776, aggrin_queue=4878714, aggrutil=100.00%
    sdd: ios=7170638/8, merge=1/7, ticks=4518488/1580, in_queue=4520460, util=100.00%
    sdf: ios=7170308/6, merge=0/0, ticks=4657028/1544, in_queue=4659728, util=100.00%
    sdc: ios=7193828/0, merge=0/0, ticks=5233308/0, in_queue=5234056, util=99.68%
    sdb: ios=7197611/0, merge=0/0, ticks=5141568/0, in_queue=5141808, util=99.69%
    sde: ios=7171364/4, merge=0/0, ticks=4597620/1536, in_queue=4600124, util=100.00%
    sda: ios=7195850/0, merge=0/0, ticks=5116772/0, in_queue=5116108, util=99.66%
