writebw: (g=0): rw=randwrite, bs=1M-1M/1M-1M, ioengine=libaio, iodepth=32
...
writebw: (g=0): rw=randwrite, bs=1M-1M/1M-1M, ioengine=libaio, iodepth=32
fio 1.59
Starting 4 processes

writebw: (groupid=0, jobs=4): err= 0: pid=8639
  write: io=353036MB, bw=1176.5MB/s, iops=1176 , runt=300082msec
    slat (usec): min=827 , max=7746 , avg=3346.37, stdev=1486.61
    clat (msec): min=8 , max=1725 , avg=103.07, stdev=51.77
     lat (msec): min=11 , max=1730 , avg=106.42, stdev=51.57
    bw (KB/s) : min=    0, max=311064, per=1.42%, avg=17158.30, stdev=66626.58
  cpu          : usr=9.40%, sys=1.56%, ctx=316193, majf=0, minf=91
  IO depths    : 1=0.0%, 2=0.0%, 4=0.0%, 8=0.0%, 16=0.1%, 32=101.7%, >=64=0.0%
     submit    : 0=0.0%, 4=0.0%, 8=0.0%, 16=100.0%, 32=0.0%, 64=0.0%, >=64=0.0%
     complete  : 0=0.0%, 4=0.0%, 8=0.0%, 16=100.0%, 32=0.0%, 64=0.0%, >=64=0.0%
     issued r/w/d: total=0/352912/0, short=0/0/0

     lat (msec): 10=0.01%, 20=0.24%, 50=8.20%, 100=31.56%, 250=59.96%
     lat (msec): 2000=0.07%

Run status group 0 (all jobs):
  WRITE: io=353036MB, aggrb=1176.5MB/s, minb=1204.8MB/s, maxb=1204.8MB/s, mint=300082msec, maxt=300082msec

Disk stats (read/write):
  md2: ios=83/1435456, merge=0/0, ticks=0/0, in_queue=0, util=0.00%, aggrios=28/239132, aggrmerge=0/114, aggrticks=212/10644362, aggrin_queue=10644252, aggrutil=99.98%
    sdd: ios=0/238587, merge=0/11, ticks=0/14208644, in_queue=14208476, util=99.56%
    sdf: ios=0/238888, merge=0/3, ticks=0/19779372, in_queue=19779204, util=99.98%
    sdc: ios=16/239249, merge=0/227, ticks=748/13244648, in_queue=13244800, util=98.62%
    sdb: ios=66/239591, merge=0/219, ticks=48/2217528, in_queue=2217432, util=85.55%
    sde: ios=2/238887, merge=0/2, ticks=44/12792036, in_queue=12791784, util=99.85%
    sda: ios=87/239592, merge=0/227, ticks=432/1623948, in_queue=1623820, util=73.58%
