readiops: (g=0): rw=randread, bs=4K-4K/4K-4K, ioengine=libaio, iodepth=32
...
readiops: (g=0): rw=randread, bs=4K-4K/4K-4K, ioengine=libaio, iodepth=32
fio 1.59
Starting 4 processes

readiops: (groupid=0, jobs=4): err= 0: pid=7064
  read : io=151598MB, bw=517452KB/s, iops=129362 , runt=300001msec
    slat (usec): min=36 , max=26422 , avg=123.01, stdev=337.97
    clat (usec): min=1 , max=1553.6K, avg=857.96, stdev=2808.61
     lat (usec): min=137 , max=1553.8K, avg=981.05, stdev=2853.62
    bw (KB/s) : min=    0, max=209280, per=1.72%, avg=8900.70, stdev=33162.13
  cpu          : usr=2.68%, sys=30.37%, ctx=24167865, majf=0, minf=227
  IO depths    : 1=0.0%, 2=0.0%, 4=0.0%, 8=0.0%, 16=0.1%, 32=101.8%, >=64=0.0%
     submit    : 0=0.0%, 4=0.0%, 8=0.0%, 16=100.0%, 32=0.0%, 64=0.0%, >=64=0.0%
     complete  : 0=0.0%, 4=0.0%, 8=0.0%, 16=100.0%, 32=0.0%, 64=0.0%, >=64=0.0%
     issued r/w/d: total=38808896/0/0, short=0/0/0
     lat (usec): 2=0.01%, 4=0.01%, 10=0.01%, 20=0.01%, 50=0.01%
     lat (usec): 100=0.01%, 250=0.06%, 500=3.56%, 750=24.53%, 1000=56.86%
     lat (msec): 2=14.60%, 4=0.18%, 10=0.17%, 20=0.04%, 50=0.01%
     lat (msec): 2000=0.01%

Run status group 0 (all jobs):
   READ: io=151598MB, aggrb=517451KB/s, minb=529870KB/s, maxb=529870KB/s, mint=300001msec, maxt=300001msec

Disk stats (read/write):
  md2: ios=39490752/0, merge=0/0, ticks=0/0, in_queue=0, util=0.00%, aggrios=6581922/14, aggrmerge=0/7, aggrticks=4994664/812, aggrin_queue=4995878, aggrutil=100.00%
    sdd: ios=6569941/24, merge=1/1, ticks=4609672/1608, in_queue=4611296, util=100.00%
    sdf: ios=6570691/32, merge=0/6, ticks=4785704/1632, in_queue=4789224, util=100.00%
    sdc: ios=6590522/0, merge=0/0, ticks=5349824/0, in_queue=5349484, util=99.57%
    sdb: ios=6594901/0, merge=0/0, ticks=5260220/0, in_queue=5259920, util=99.56%
    sde: ios=6571448/33, merge=0/36, ticks=4728244/1636, in_queue=4730948, util=100.00%
    sda: ios=6594032/0, merge=0/0, ticks=5234320/0, in_queue=5234396, util=99.58%
