writeiops: (g=0): rw=randwrite, bs=4K-4K/4K-4K, ioengine=libaio, iodepth=32
...
writeiops: (g=0): rw=randwrite, bs=4K-4K/4K-4K, ioengine=libaio, iodepth=32
fio 1.59
Starting 4 processes

writeiops: (groupid=0, jobs=4): err= 0: pid=9000
  write: io=170393MB, bw=581603KB/s, iops=145400 , runt=300003msec
    slat (usec): min=46 , max=21925 , avg=143.25, stdev=247.26
    clat (usec): min=1 , max=1545.5K, avg=724.63, stdev=2833.64
     lat (usec): min=90 , max=1545.6K, avg=867.91, stdev=2850.34
    bw (KB/s) : min=    0, max=182152, per=1.77%, avg=10292.56, stdev=37509.96
  cpu          : usr=3.46%, sys=39.88%, ctx=26031041, majf=0, minf=91
  IO depths    : 1=0.0%, 2=0.0%, 4=0.0%, 8=0.0%, 16=0.1%, 32=101.7%, >=64=0.0%
     submit    : 0=0.0%, 4=0.0%, 8=0.0%, 16=100.0%, 32=0.0%, 64=0.0%, >=64=0.0%
     complete  : 0=0.0%, 4=0.0%, 8=0.0%, 16=100.0%, 32=0.1%, 64=0.0%, >=64=0.0%
     issued r/w/d: total=0/43620506/0, short=0/0/0
     lat (usec): 2=0.01%, 4=0.90%, 10=0.16%, 20=0.14%, 50=0.25%
     lat (usec): 100=1.21%, 250=21.95%, 500=30.03%, 750=16.88%, 1000=8.95%
     lat (msec): 2=13.16%, 4=5.67%, 10=0.55%, 20=0.10%, 50=0.06%
     lat (msec): 100=0.01%, 2000=0.01%

Run status group 0 (all jobs):
  WRITE: io=170393MB, aggrb=581602KB/s, minb=595561KB/s, maxb=595561KB/s, mint=300003msec, maxt=300003msec

Disk stats (read/write):
  md2: ios=139/44312057, merge=0/0, ticks=0/0, in_queue=0, util=0.00%, aggrios=36/7391256, aggrmerge=0/1, aggrticks=7/4261676, aggrin_queue=4259605, aggrutil=97.43%
    sdd: ios=0/7378676, merge=0/10, ticks=0/1365540, in_queue=1363308, util=84.21%
    sdf: ios=0/7377929, merge=0/0, ticks=0/1494024, in_queue=1491268, util=86.35%
    sdc: ios=17/7402213, merge=0/0, ticks=8/6877952, in_queue=6876124, util=97.32%
    sdb: ios=99/7405313, merge=0/0, ticks=12/7247048, in_queue=7245748, util=97.35%
    sde: ios=2/7378992, merge=0/0, ticks=4/1448892, in_queue=1446196, util=85.34%
    sda: ios=100/7404413, merge=0/0, ticks=20/7136600, in_queue=7134988, util=97.43%
