writeiops: (g=0): rw=randwrite, bs=4K-4K/4K-4K, ioengine=libaio, iodepth=32
...
writeiops: (g=0): rw=randwrite, bs=4K-4K/4K-4K, ioengine=libaio, iodepth=32
fio 1.59
Starting 4 processes

writeiops: (groupid=0, jobs=4): err= 0: pid=7035
  write: io=170262MB, bw=581156KB/s, iops=145288 , runt=300002msec
    slat (usec): min=32 , max=25463 , avg=123.61, stdev=240.27
    clat (usec): min=1 , max=1553.8K, avg=744.12, stdev=4680.72
     lat (usec): min=76 , max=1554.7K, avg=867.76, stdev=4689.54
    bw (KB/s) : min=    0, max=180744, per=1.77%, avg=10290.40, stdev=37653.94
  cpu          : usr=3.60%, sys=35.81%, ctx=26654529, majf=0, minf=91
  IO depths    : 1=0.0%, 2=0.0%, 4=0.0%, 8=0.0%, 16=0.1%, 32=101.7%, >=64=0.0%
     submit    : 0=0.0%, 4=0.0%, 8=0.0%, 16=100.0%, 32=0.0%, 64=0.0%, >=64=0.0%
     complete  : 0=0.0%, 4=0.0%, 8=0.0%, 16=100.0%, 32=0.0%, 64=0.0%, >=64=0.0%
     issued r/w/d: total=0/43586896/0, short=0/0/0
     lat (usec): 2=0.01%, 4=0.96%, 10=0.17%, 20=0.15%, 50=0.24%
     lat (usec): 100=0.97%, 250=20.30%, 500=31.00%, 750=17.14%, 1000=9.28%
     lat (msec): 2=13.33%, 4=5.74%, 10=0.57%, 20=0.09%, 50=0.06%
     lat (msec): 100=0.01%, 2000=0.01%

Run status group 0 (all jobs):
  WRITE: io=170262MB, aggrb=581156KB/s, minb=595104KB/s, maxb=595104KB/s, mint=300002msec, maxt=300002msec

Disk stats (read/write):
  md2: ios=52/44308572, merge=0/0, ticks=0/0, in_queue=0, util=0.00%, aggrios=21/7386532, aggrmerge=0/3, aggrticks=2/4310770, aggrin_queue=4309304, aggrutil=96.59%
    sdd: ios=0/7374134, merge=0/16, ticks=0/1438100, in_queue=1435900, util=82.65%
    sdf: ios=0/7373313, merge=0/2, ticks=0/1557152, in_queue=1554684, util=85.23%
    sdc: ios=9/7397609, merge=0/0, ticks=4/6863908, in_queue=6862756, util=96.26%
    sdb: ios=66/7400508, merge=0/0, ticks=12/7319304, in_queue=7319108, util=96.59%
    sde: ios=1/7374160, merge=0/0, ticks=0/1499620, in_queue=1497248, util=84.09%
    sda: ios=54/7399473, merge=0/0, ticks=0/7186540, in_queue=7186132, util=96.41%
