writeiops: (g=0): rw=randwrite, bs=4K-4K/4K-4K, ioengine=libaio, iodepth=32
...
writeiops: (g=0): rw=randwrite, bs=4K-4K/4K-4K, ioengine=libaio, iodepth=32
fio 1.59
Starting 4 processes

writeiops: (groupid=0, jobs=4): err= 0: pid=8581
  write: io=171662MB, bw=585937KB/s, iops=146483 , runt=300002msec
    slat (usec): min=33 , max=17265 , avg=124.20, stdev=240.93
    clat (usec): min=1 , max=1542.5K, avg=736.39, stdev=2838.43
     lat (usec): min=76 , max=1542.6K, avg=860.66, stdev=2853.02
    bw (KB/s) : min=    0, max=181128, per=1.78%, avg=10451.63, stdev=37908.75
  cpu          : usr=3.54%, sys=36.26%, ctx=26888447, majf=0, minf=91
  IO depths    : 1=0.0%, 2=0.0%, 4=0.0%, 8=0.0%, 16=0.1%, 32=101.7%, >=64=0.0%
     submit    : 0=0.0%, 4=0.0%, 8=0.0%, 16=100.0%, 32=0.0%, 64=0.0%, >=64=0.0%
     complete  : 0=0.0%, 4=0.0%, 8=0.0%, 16=100.0%, 32=0.0%, 64=0.0%, >=64=0.0%
     issued r/w/d: total=0/43945472/0, short=0/0/0
     lat (usec): 2=0.01%, 4=0.97%, 10=0.17%, 20=0.15%, 50=0.24%
     lat (usec): 100=0.96%, 250=20.23%, 500=31.00%, 750=17.13%, 1000=9.31%
     lat (msec): 2=13.36%, 4=5.76%, 10=0.57%, 20=0.08%, 50=0.07%
     lat (msec): 100=0.01%, 2000=0.01%

Run status group 0 (all jobs):
  WRITE: io=171662MB, aggrb=585937KB/s, minb=599999KB/s, maxb=599999KB/s, mint=300002msec, maxt=300002msec

Disk stats (read/write):
  md2: ios=45/44656912, merge=0/0, ticks=0/0, in_queue=0, util=0.00%, aggrios=14/7448239, aggrmerge=0/1, aggrticks=2/4307636, aggrin_queue=4305624, aggrutil=97.31%
    sdd: ios=0/7435932, merge=0/1, ticks=0/1359544, in_queue=1356928, util=82.33%
    sdf: ios=0/7434944, merge=0/9, ticks=0/1474812, in_queue=1472016, util=84.76%
    sdc: ios=8/7458891, merge=0/0, ticks=0/7028088, in_queue=7026316, util=97.31%
    sdb: ios=35/7462504, merge=0/0, ticks=8/7344248, in_queue=7343088, util=97.30%
    sde: ios=1/7435645, merge=0/0, ticks=0/1408216, in_queue=1405600, util=83.63%
    sda: ios=42/7461523, merge=0/0, ticks=4/7230908, in_queue=7229796, util=97.23%
