writeiops: (g=0): rw=randwrite, bs=4K-4K/4K-4K, ioengine=libaio, iodepth=32
...
writeiops: (g=0): rw=randwrite, bs=4K-4K/4K-4K, ioengine=libaio, iodepth=32
fio 1.59
Starting 4 processes

writeiops: (groupid=0, jobs=4): err= 0: pid=8954
  write: io=171075MB, bw=583930KB/s, iops=145982 , runt=300003msec
    slat (usec): min=33 , max=17287 , avg=123.31, stdev=237.24
    clat (usec): min=1 , max=1552.1K, avg=740.08, stdev=2835.61
     lat (usec): min=74 , max=1553.4K, avg=863.53, stdev=2849.63
    bw (KB/s) : min=    0, max=179080, per=1.79%, avg=10446.31, stdev=37857.46
  cpu          : usr=3.58%, sys=35.97%, ctx=26851886, majf=0, minf=91
  IO depths    : 1=0.0%, 2=0.0%, 4=0.0%, 8=0.0%, 16=0.1%, 32=101.7%, >=64=0.0%
     submit    : 0=0.0%, 4=0.0%, 8=0.0%, 16=100.0%, 32=0.0%, 64=0.0%, >=64=0.0%
     complete  : 0=0.0%, 4=0.0%, 8=0.0%, 16=100.0%, 32=0.0%, 64=0.0%, >=64=0.0%
     issued r/w/d: total=0/43795088/0, short=0/0/0
     lat (usec): 2=0.01%, 4=0.97%, 10=0.17%, 20=0.14%, 50=0.24%
     lat (usec): 100=0.96%, 250=20.08%, 500=31.08%, 750=17.04%, 1000=9.24%
     lat (msec): 2=13.48%, 4=5.85%, 10=0.59%, 20=0.09%, 50=0.06%
     lat (msec): 100=0.01%, 2000=0.01%

Run status group 0 (all jobs):
  WRITE: io=171075MB, aggrb=583930KB/s, minb=597944KB/s, maxb=597944KB/s, mint=300003msec, maxt=300003msec

Disk stats (read/write):
  md2: ios=37/44520400, merge=0/0, ticks=0/0, in_queue=0, util=0.00%, aggrios=19/7423001, aggrmerge=0/4, aggrticks=2/4309346, aggrin_queue=4308774, aggrutil=97.61%
    sdd: ios=0/7410737, merge=0/3, ticks=0/1339472, in_queue=1337028, util=82.16%
    sdf: ios=0/7409522, merge=0/11, ticks=0/1477808, in_queue=1476172, util=84.72%
    sdc: ios=9/7433898, merge=0/0, ticks=0/6950552, in_queue=6951616, util=97.42%
    sdb: ios=66/7437075, merge=0/0, ticks=8/7504452, in_queue=7506224, util=97.61%
    sde: ios=1/7410638, merge=0/13, ticks=0/1395548, in_queue=1393384, util=83.51%
    sda: ios=43/7436136, merge=0/0, ticks=4/7188244, in_queue=7188220, util=97.43%
