writebw: (g=0): rw=randwrite, bs=1M-1M/1M-1M, ioengine=libaio, iodepth=32
...
writebw: (g=0): rw=randwrite, bs=1M-1M/1M-1M, ioengine=libaio, iodepth=32
fio 1.59
Starting 4 processes

writebw: (groupid=0, jobs=4): err= 0: pid=5344
  write: io=152108MB, bw=518808KB/s, iops=506 , runt=300224msec
    slat (usec): min=540 , max=7193 , avg=2764.30, stdev=1154.14
    clat (msec): min=14 , max=814 , avg=248.17, stdev=86.37
     lat (msec): min=15 , max=815 , avg=250.94, stdev=86.35
    bw (KB/s) : min=    0, max=175801, per=1.26%, avg=6526.99, stdev=25732.83
  cpu          : usr=3.32%, sys=0.62%, ctx=152230, majf=0, minf=91
  IO depths    : 1=0.0%, 2=0.0%, 4=0.0%, 8=0.0%, 16=0.1%, 32=101.6%, >=64=0.0%
     submit    : 0=0.0%, 4=0.0%, 8=0.0%, 16=100.0%, 32=0.0%, 64=0.0%, >=64=0.0%
     complete  : 0=0.0%, 4=0.0%, 8=0.0%, 16=100.0%, 32=0.0%, 64=0.0%, >=64=0.0%
     issued r/w/d: total=0/151984/0, short=0/0/0

     lat (msec): 20=0.02%, 50=0.90%, 100=5.28%, 250=37.11%, 500=56.15%
     lat (msec): 750=0.62%, 1000=0.01%

Run status group 0 (all jobs):
  WRITE: io=152108MB, aggrb=518807KB/s, minb=531259KB/s, maxb=531259KB/s, mint=300224msec, maxt=300224msec

Disk stats (read/write):
  md4: ios=81/308800, merge=0/0, ticks=0/0, in_queue=0, util=0.00%, aggrios=83/154416, aggrmerge=0/0, aggrticks=92/21890520, aggrin_queue=21890480, aggrutil=100.00%
    sdc: ios=153/154416, merge=0/0, ticks=120/24633920, in_queue=24633696, util=100.00%
    sdd: ios=13/154416, merge=0/0, ticks=64/19147120, in_queue=19147264, util=100.00%
