readbw: (g=0): rw=randread, bs=1M-1M/1M-1M, ioengine=libaio, iodepth=32
...
readbw: (g=0): rw=randread, bs=1M-1M/1M-1M, ioengine=libaio, iodepth=32
fio 1.59
Starting 4 processes

readbw: (groupid=0, jobs=4): err= 0: pid=16173
  read : io=310172MB, bw=1033.7MB/s, iops=1033 , runt=300068msec
    slat (usec): min=867 , max=11828 , avg=1063.11, stdev=239.90
    clat (msec): min=9 , max=383 , avg=122.79, stdev=34.34
     lat (msec): min=10 , max=384 , avg=123.85, stdev=34.34
    bw (KB/s) : min=    0, max=391350, per=1.40%, avg=14855.52, stdev=58101.60
  cpu          : usr=0.05%, sys=2.37%, ctx=310079, majf=0, minf=32867
  IO depths    : 1=0.0%, 2=0.0%, 4=0.0%, 8=0.0%, 16=0.1%, 32=101.6%, >=64=0.0%
     submit    : 0=0.0%, 4=0.0%, 8=0.0%, 16=100.0%, 32=0.0%, 64=0.0%, >=64=0.0%
     complete  : 0=0.0%, 4=0.0%, 8=0.0%, 16=100.0%, 32=0.0%, 64=0.0%, >=64=0.0%
     issued r/w/d: total=310048/0/0, short=0/0/0

     lat (msec): 10=0.01%, 20=0.06%, 50=0.91%, 100=27.50%, 250=71.39%
     lat (msec): 500=0.18%

Run status group 0 (all jobs):
   READ: io=310172MB, aggrb=1033.7MB/s, minb=1058.5MB/s, maxb=1058.5MB/s, mint=300068msec, maxt=300068msec

Disk stats (read/write):
  md2: ios=630451/0, merge=0/0, ticks=0/0, in_queue=0, util=0.00%, aggrios=315272/86, aggrmerge=9/61, aggrticks=21406978/21758, aggrin_queue=21428254, aggrutil=100.00%
    sda: ios=315288/86, merge=18/61, ticks=24572504/31248, in_queue=24603168, util=100.00%
    sdb: ios=315257/86, merge=0/61, ticks=18241452/12268, in_queue=18253340, util=100.00%
