writeiops: (g=0): rw=randwrite, bs=512-512/512-512, ioengine=libaio, iodepth=32
...
writeiops: (g=0): rw=randwrite, bs=512-512/512-512, ioengine=libaio, iodepth=32
fio 1.59
Starting 4 processes

writeiops: (groupid=0, jobs=4): err= 0: pid=16371
  write: io=4610.5MB, bw=15737KB/s, iops=31473 , runt=300005msec
    slat (usec): min=66 , max=928 , avg=138.72, stdev=43.91
    clat (usec): min=4 , max=493527 , avg=3910.93, stdev=10884.22
     lat (usec): min=204 , max=493629 , avg=4049.95, stdev=10886.17
    bw (KB/s) : min=    0, max= 8929, per=1.57%, avg=246.58, stdev=989.11
  cpu          : usr=1.52%, sys=12.60%, ctx=4991587, majf=0, minf=91
  IO depths    : 1=0.0%, 2=0.0%, 4=0.0%, 8=0.0%, 16=0.1%, 32=101.7%, >=64=0.0%
     submit    : 0=0.0%, 4=0.0%, 8=0.0%, 16=100.0%, 32=0.0%, 64=0.0%, >=64=0.0%
     complete  : 0=0.0%, 4=0.0%, 8=0.0%, 16=100.0%, 32=0.0%, 64=0.0%, >=64=0.0%
     issued r/w/d: total=0/9442096/0, short=0/0/0
     lat (usec): 10=0.01%, 20=0.01%, 50=0.01%, 100=0.01%, 250=2.66%
     lat (usec): 500=12.50%, 750=10.48%, 1000=8.65%
     lat (msec): 2=22.37%, 4=19.02%, 10=17.54%, 20=4.82%, 50=1.19%
     lat (msec): 100=0.52%, 250=0.24%, 500=0.01%

Run status group 0 (all jobs):
  WRITE: io=4610.5MB, aggrb=15736KB/s, minb=16114KB/s, maxb=16114KB/s, mint=300005msec, maxt=300005msec

Disk stats (read/write):
  md4: ios=280/9594500, merge=0/0, ticks=0/0, in_queue=0, util=0.00%, aggrios=20/4801209, aggrmerge=133/0, aggrticks=20/13260824, aggrin_queue=13259900, aggrutil=92.97%
    sdc: ios=40/4802013, merge=266/0, ticks=40/13112152, in_queue=13111208, util=92.66%
    sdd: ios=0/4800406, merge=0/0, ticks=0/13409496, in_queue=13408592, util=92.97%
