readiops: (g=0): rw=randwrite, bs=512-512/512-512, ioengine=libaio, iodepth=32
...
readiops: (g=0): rw=randwrite, bs=512-512/512-512, ioengine=libaio, iodepth=32
fio 1.59
Starting 4 processes

readiops: (groupid=0, jobs=4): err= 0: pid=16407
  write: io=4518.4MB, bw=15422KB/s, iops=30843 , runt=300013msec
    slat (usec): min=47 , max=678 , avg=106.76, stdev=36.62
    clat (usec): min=4 , max=517759 , avg=4025.67, stdev=13000.66
     lat (usec): min=196 , max=517856 , avg=4132.67, stdev=13001.98
    bw (KB/s) : min=    0, max=10625, per=1.57%, avg=242.13, stdev=980.29
  cpu          : usr=1.69%, sys=10.87%, ctx=5170851, majf=0, minf=91
  IO depths    : 1=0.0%, 2=0.0%, 4=0.0%, 8=0.0%, 16=0.1%, 32=101.9%, >=64=0.0%
     submit    : 0=0.0%, 4=0.0%, 8=0.0%, 16=100.0%, 32=0.0%, 64=0.0%, >=64=0.0%
     complete  : 0=0.0%, 4=0.0%, 8=0.0%, 16=100.0%, 32=0.0%, 64=0.0%, >=64=0.0%
     issued r/w/d: total=0/9253360/0, short=0/0/0
     lat (usec): 10=0.01%, 20=0.01%, 50=0.01%, 100=0.01%, 250=2.10%
     lat (usec): 500=13.42%, 750=11.26%, 1000=9.19%
     lat (msec): 2=23.77%, 4=19.16%, 10=14.71%, 20=3.94%, 50=1.46%
     lat (msec): 100=0.65%, 250=0.31%, 500=0.03%, 750=0.01%

Run status group 0 (all jobs):
  WRITE: io=4518.4MB, aggrb=15421KB/s, minb=15791KB/s, maxb=15791KB/s, mint=300013msec, maxt=300013msec

Disk stats (read/write):
  md4: ios=0/9425508, merge=0/0, ticks=0/0, in_queue=0, util=0.00%, aggrios=23/4714882, aggrmerge=164/0, aggrticks=4/13280438, aggrin_queue=13279758, aggrutil=92.41%
    sdc: ios=40/4715797, merge=280/0, ticks=4/12825792, in_queue=12825116, util=92.03%
    sdd: ios=7/4713967, merge=49/0, ticks=4/13735084, in_queue=13734400, util=92.41%
