writebw: (g=0): rw=randwrite, bs=1M-1M/1M-1M, ioengine=libaio, iodepth=32
...
writebw: (g=0): rw=randwrite, bs=1M-1M/1M-1M, ioengine=libaio, iodepth=32
fio 1.59
Starting 4 processes

writebw: (groupid=0, jobs=4): err= 0: pid=16390
  write: io=151180MB, bw=515639KB/s, iops=503 , runt=300226msec
    slat (usec): min=680 , max=6287 , avg=2784.32, stdev=1105.44
    clat (msec): min=14 , max=1938 , avg=249.81, stdev=101.39
     lat (msec): min=16 , max=1939 , avg=252.59, stdev=101.36
    bw (KB/s) : min=    0, max=165888, per=1.27%, avg=6535.89, stdev=25635.89
  cpu          : usr=3.14%, sys=0.74%, ctx=148344, majf=0, minf=91
  IO depths    : 1=0.0%, 2=0.0%, 4=0.0%, 8=0.0%, 16=0.1%, 32=101.4%, >=64=0.0%
     submit    : 0=0.0%, 4=0.0%, 8=0.0%, 16=100.0%, 32=0.0%, 64=0.0%, >=64=0.0%
     complete  : 0=0.0%, 4=0.0%, 8=0.0%, 16=100.0%, 32=0.0%, 64=0.0%, >=64=0.0%
     issued r/w/d: total=0/151056/0, short=0/0/0

     lat (msec): 20=0.02%, 50=2.42%, 100=9.96%, 250=23.44%, 500=63.07%
     lat (msec): 750=1.06%, 1000=0.06%, 2000=0.05%

Run status group 0 (all jobs):
  WRITE: io=151180MB, aggrb=515639KB/s, minb=528014KB/s, maxb=528014KB/s, mint=300226msec, maxt=300226msec

Disk stats (read/write):
  md4: ios=152/306500, merge=0/0, ticks=0/0, in_queue=0, util=0.00%, aggrios=10/153250, aggrmerge=66/0, aggrticks=1168/19615358, aggrin_queue=19616204, aggrutil=99.90%
    sdc: ios=21/153252, merge=133/0, ticks=2336/26153528, in_queue=26155436, util=99.90%
    sdd: ios=0/153248, merge=0/0, ticks=0/13077188, in_queue=13076972, util=99.54%
